\BOOKMARK [0][-]{chapter.1}{Introducci\363n}{}% 1
\BOOKMARK [1][-]{section.1.1}{Compiladores y proceso de desarrollo}{chapter.1}% 2
\BOOKMARK [0][-]{chapter.2}{Gram\341tica del lenguaje}{}% 3
\BOOKMARK [1][-]{section.2.1}{Introducci\363n}{chapter.2}% 4
\BOOKMARK [1][-]{section.2.2}{Descripci\363n del problema}{chapter.2}% 5
\BOOKMARK [1][-]{section.2.3}{Metalenguaje}{chapter.2}% 6
\BOOKMARK [1][-]{section.2.4}{Estrategias}{chapter.2}% 7
\BOOKMARK [1][-]{section.2.5}{Limitaciones}{chapter.2}% 8
\BOOKMARK [2][-]{subsection.2.5.1}{Consideraciones para la salida}{section.2.5}% 9
\BOOKMARK [1][-]{section.2.6}{Definici\363n de la gram\341tica}{chapter.2}% 10
\BOOKMARK [1][-]{section.2.7}{Problemas encontrados}{chapter.2}% 11
\BOOKMARK [1][-]{section.2.8}{Conclusiones}{chapter.2}% 12
\BOOKMARK [0][-]{chapter.3}{Especificaci\363n l\351xica}{}% 13
\BOOKMARK [1][-]{section.3.1}{Introducci\363n}{chapter.3}% 14
\BOOKMARK [1][-]{section.3.2}{Descripci\363n del problema}{chapter.3}% 15
\BOOKMARK [1][-]{section.3.3}{Definici\363n del alfabeto, lexemas, tokens y patrones}{chapter.3}% 16
\BOOKMARK [1][-]{section.3.4}{Estrategias}{chapter.3}% 17
\BOOKMARK [1][-]{section.3.5}{Limitaciones}{chapter.3}% 18
\BOOKMARK [1][-]{section.3.6}{Dise\361o del reconocedor}{chapter.3}% 19
\BOOKMARK [1][-]{section.3.7}{Implementaci\363n del aplicativo}{chapter.3}% 20
\BOOKMARK [2][-]{subsection.3.7.1}{Descripci\363n del problema}{section.3.7}% 21
\BOOKMARK [2][-]{subsection.3.7.2}{Herramientas utilizadas}{section.3.7}% 22
\BOOKMARK [2][-]{subsection.3.7.3}{Dise\361o}{section.3.7}% 23
\BOOKMARK [2][-]{subsection.3.7.4}{Instructivos de instalaci\363n y uso}{section.3.7}% 24
\BOOKMARK [2][-]{subsection.3.7.5}{Ejemplos}{section.3.7}% 25
\BOOKMARK [1][-]{section.3.8}{Conclusiones}{chapter.3}% 26
\BOOKMARK [0][-]{chapter.4}{Especificaci\363n sint\341ctica}{}% 27
\BOOKMARK [1][-]{section.4.1}{Introducci\363n}{chapter.4}% 28
\BOOKMARK [1][-]{section.4.2}{Descripci\363n del problema}{chapter.4}% 29
\BOOKMARK [1][-]{section.4.3}{Conflictos de la gram\341tica y el lenguaje}{chapter.4}% 30
\BOOKMARK [2][-]{subsection.4.3.1}{Factorizaci\363n a izquierda}{section.4.3}% 31
\BOOKMARK [2][-]{subsection.4.3.2}{Quitando recursi\363n a izquierda}{section.4.3}% 32
\BOOKMARK [2][-]{subsection.4.3.3}{Ambig\374edad del lenguaje}{section.4.3}% 33
\BOOKMARK [1][-]{section.4.4}{Gram\341tica modificada}{chapter.4}% 34
\BOOKMARK [1][-]{section.4.5}{Estrategias}{chapter.4}% 35
\BOOKMARK [1][-]{section.4.6}{Limitaciones}{chapter.4}% 36
\BOOKMARK [1][-]{section.4.7}{Dise\361o del analizador sint\341ctico}{chapter.4}% 37
\BOOKMARK [1][-]{section.4.8}{Implementaci\363n del aplicativo}{chapter.4}% 38
\BOOKMARK [2][-]{subsection.4.8.1}{Descripci\363n del problema}{section.4.8}% 39
\BOOKMARK [2][-]{subsection.4.8.2}{Herramientas utilizadas}{section.4.8}% 40
\BOOKMARK [2][-]{subsection.4.8.3}{Dise\361o}{section.4.8}% 41
\BOOKMARK [2][-]{subsection.4.8.4}{Instructivos de instalaci\363n y uso}{section.4.8}% 42
\BOOKMARK [2][-]{subsection.4.8.5}{Ejemplos}{section.4.8}% 43
\BOOKMARK [1][-]{section.4.9}{Problemas encontrados}{chapter.4}% 44
\BOOKMARK [1][-]{section.4.10}{Posibles mejoras}{chapter.4}% 45
\BOOKMARK [1][-]{section.4.11}{Conclusiones}{chapter.4}% 46
\BOOKMARK [0][-]{chapter.5}{Especificaci\363n sem\341ntica}{}% 47
\BOOKMARK [1][-]{section.5.1}{Introducci\363n}{chapter.5}% 48
\BOOKMARK [1][-]{section.5.2}{Descripci\363n del problema}{chapter.5}% 49
\BOOKMARK [1][-]{section.5.3}{Compatibilidad de tipos}{chapter.5}% 50
\BOOKMARK [1][-]{section.5.4}{Estrategias}{chapter.5}% 51
\BOOKMARK [1][-]{section.5.5}{Dise\361o del analizador sem\341ntico}{chapter.5}% 52
\BOOKMARK [2][-]{subsection.5.5.1}{Tabla de s\355mbolos}{section.5.5}% 53
\BOOKMARK [2][-]{subsection.5.5.2}{Gram\341tica de atributos}{section.5.5}% 54
\BOOKMARK [1][-]{section.5.6}{Implementaci\363n del aplicativo}{chapter.5}% 55
\BOOKMARK [2][-]{subsection.5.6.1}{Descripci\363n del problema}{section.5.6}% 56
\BOOKMARK [2][-]{subsection.5.6.2}{Herramientas utilizadas}{section.5.6}% 57
\BOOKMARK [2][-]{subsection.5.6.3}{Dise\361o}{section.5.6}% 58
\BOOKMARK [2][-]{subsection.5.6.4}{Instructivos de instalaci\363n y uso}{section.5.6}% 59
\BOOKMARK [2][-]{subsection.5.6.5}{Ejemplos}{section.5.6}% 60
\BOOKMARK [1][-]{section.5.7}{Conclusi\363n}{chapter.5}% 61
\BOOKMARK [0][-]{chapter.6}{Generaci\363n de c\363digo intermedio}{}% 62
\BOOKMARK [1][-]{section.6.1}{Introducci\363n}{chapter.6}% 63
\BOOKMARK [1][-]{section.6.2}{Descripci\363n del problema}{chapter.6}% 64
\BOOKMARK [1][-]{section.6.3}{M\341quina virtual MEPa}{chapter.6}% 65
\BOOKMARK [1][-]{section.6.4}{Estrategias}{chapter.6}% 66
\BOOKMARK [1][-]{section.6.5}{Limitaciones}{chapter.6}% 67
\BOOKMARK [1][-]{section.6.6}{Dise\361o del generador de c\363digo intermedio}{chapter.6}% 68
\BOOKMARK [2][-]{subsection.6.6.1}{Modificaciones a la tabla de s\355mbolos}{section.6.6}% 69
\BOOKMARK [2][-]{subsection.6.6.2}{Modificaciones a las reglas de la gram\341tica}{section.6.6}% 70
\BOOKMARK [1][-]{section.6.7}{Implementaci\363n del aplicativo}{chapter.6}% 71
\BOOKMARK [2][-]{subsection.6.7.1}{Descripci\363n del problema}{section.6.7}% 72
\BOOKMARK [2][-]{subsection.6.7.2}{Herramientas utilizadas}{section.6.7}% 73
\BOOKMARK [2][-]{subsection.6.7.3}{Dise\361o}{section.6.7}% 74
\BOOKMARK [2][-]{subsection.6.7.4}{Instructivos de instalaci\363n y uso}{section.6.7}% 75
\BOOKMARK [2][-]{subsection.6.7.5}{Ejemplos}{section.6.7}% 76
\BOOKMARK [1][-]{section.6.8}{Problemas encontrados}{chapter.6}% 77
\BOOKMARK [1][-]{section.6.9}{Posibles mejoras}{chapter.6}% 78
\BOOKMARK [1][-]{section.6.10}{Conclusi\363n}{chapter.6}% 79
\BOOKMARK [0][-]{chapter*.12}{Ap\351ndice}{}% 80
\BOOKMARK [1][-]{section.Alph0.1}{Pseudoc\363digo Analizador Sint\341ctico}{chapter*.12}% 81
